INFO 2020-06-14 12:00:21,291 - browser is opened...
INFO 2020-06-14 12:00:22,468 - loggin page started..
INFO 2020-06-14 12:00:23,172 - logged in successfully!
INFO 2020-06-14 12:00:23,173 - # Open browser and navigate to Facebook marketplace
INFO 2020-06-14 12:02:16,615 - browser is opened...
INFO 2020-06-14 12:02:18,053 - loggin page started..
INFO 2020-06-14 12:02:18,872 - logged in successfully!
INFO 2020-06-14 12:02:18,873 - # Open browser and navigate to Facebook marketplace
INFO 2020-06-14 12:02:24,640 - filling out the form...
INFO 2020-06-14 12:02:24,641 - adding a photo : C:\dev\task_facebook/data/uploads/iphonex.png
INFO 2020-06-14 12:02:25,469 - photo uploaded!
INFO 2020-06-14 14:20:48,867 - browser is opened...
INFO 2020-06-14 14:20:50,299 - loggin page started..
INFO 2020-06-14 14:20:51,118 - logged in successfully!
INFO 2020-06-14 14:20:51,119 - # Open browser and navigate to Facebook marketplace
INFO 2020-06-14 21:26:55,641 - browser is opened...
INFO 2020-06-14 21:26:57,066 - loggin page started..
INFO 2020-06-14 21:26:57,689 - logged in successfully!
INFO 2020-06-14 21:26:57,690 - # Open browser and navigate to Facebook marketplace
INFO 2020-06-14 21:28:40,071 - browser is opened...
INFO 2020-06-14 21:28:41,474 - loggin page started..
INFO 2020-06-14 21:28:42,142 - logged in successfully!
INFO 2020-06-14 21:28:42,143 - # Open browser and navigate to Facebook marketplace
INFO 2020-06-14 21:28:48,978 - filling out the form...
INFO 2020-06-14 21:28:48,979 - adding a photo : C:\dev\task_facebook/data/uploads/iphonex.png
INFO 2020-06-14 21:28:49,466 - photo uploaded!
INFO 2020-06-14 21:30:19,854 - browser is opened...
INFO 2020-06-14 21:30:21,041 - loggin page started..
INFO 2020-06-14 21:30:21,721 - logged in successfully!
INFO 2020-06-14 21:30:21,723 - # Open browser and navigate to Facebook marketplace
INFO 2020-06-14 21:30:26,310 - filling out the form...
INFO 2020-06-14 21:30:26,310 - adding a photo : C:\dev\task_facebook/data/uploads/iphonex.png
INFO 2020-06-14 21:30:26,901 - photo uploaded!
INFO 2020-06-14 21:33:49,269 - browser is opened...
INFO 2020-06-14 21:33:50,495 - loggin page started..
INFO 2020-06-14 21:33:51,138 - logged in successfully!
INFO 2020-06-14 21:33:51,139 - # Open browser and navigate to Facebook marketplace
INFO 2020-06-14 21:33:55,840 - filling out the form...
INFO 2020-06-14 21:33:55,840 - adding a photo : C:\dev\task_facebook/data/uploads/iphonex.png
INFO 2020-06-14 21:33:56,408 - photo uploaded!
INFO 2020-06-14 21:35:01,315 - browser is opened...
INFO 2020-06-14 21:35:02,345 - loggin page started..
INFO 2020-06-14 21:35:19,119 - browser is opened...
INFO 2020-06-14 21:35:20,537 - loggin page started..
INFO 2020-06-14 21:35:21,144 - logged in successfully!
INFO 2020-06-14 21:35:21,144 - # Open browser and navigate to Facebook marketplace
INFO 2020-06-14 21:35:26,718 - filling out the form...
INFO 2020-06-14 21:35:26,718 - adding a photo : C:\dev\task_facebook/data/uploads/iphonex.png
INFO 2020-06-14 21:35:27,747 - photo uploaded!
INFO 2020-06-14 21:37:23,222 - browser is opened...
INFO 2020-06-14 21:37:24,335 - loggin page started..
INFO 2020-06-14 21:37:24,962 - logged in successfully!
INFO 2020-06-14 21:37:24,964 - # Open browser and navigate to Facebook marketplace
INFO 2020-06-14 21:37:30,197 - filling out the form...
INFO 2020-06-14 21:37:30,197 - adding a photo : C:\dev\task_facebook/data/uploads/iphonex.png
INFO 2020-06-14 21:37:30,745 - photo uploaded!
INFO 2020-06-14 21:38:39,543 - browser is opened...
INFO 2020-06-14 21:38:40,708 - loggin page started..
INFO 2020-06-14 21:38:41,438 - logged in successfully!
INFO 2020-06-14 21:38:41,439 - # Open browser and navigate to Facebook marketplace
INFO 2020-06-14 21:38:46,586 - filling out the form...
INFO 2020-06-14 21:38:46,586 - adding a photo : C:\dev\task_facebook/data/uploads/iphonex.png
INFO 2020-06-14 21:38:47,169 - photo uploaded!
INFO 2020-06-14 21:39:31,988 - browser is opened...
INFO 2020-06-14 21:39:33,181 - loggin page started..
INFO 2020-06-14 21:39:33,798 - logged in successfully!
INFO 2020-06-14 21:39:33,799 - # Open browser and navigate to Facebook marketplace
INFO 2020-06-14 21:39:39,351 - filling out the form...
INFO 2020-06-14 21:39:39,351 - adding a photo : C:\dev\task_facebook/data/uploads/iphonex.png
INFO 2020-06-14 21:39:39,909 - photo uploaded!
INFO 2020-06-14 21:41:19,146 - browser is opened...
INFO 2020-06-14 21:41:20,329 - loggin page started..
INFO 2020-06-14 21:41:20,960 - logged in successfully!
INFO 2020-06-14 21:41:20,961 - # Open browser and navigate to Facebook marketplace
INFO 2020-06-14 21:41:26,715 - filling out the form...
INFO 2020-06-14 21:41:26,716 - adding a photo : C:\dev\task_facebook/data/uploads/iphonex.png
INFO 2020-06-14 21:41:28,072 - photo uploaded!
INFO 2020-06-14 21:41:36,704 - screenshot is taken :C:\dev\task_facebook/screenshots/20200614-214135.png
INFO 2020-06-14 21:43:35,795 - browser is opened...
INFO 2020-06-14 21:43:37,082 - loggin page started..
INFO 2020-06-14 21:43:37,783 - logged in successfully!
INFO 2020-06-14 21:43:37,784 - # Open browser and navigate to Facebook marketplace
INFO 2020-06-14 21:44:12,785 - browser is opened...
INFO 2020-06-14 21:44:14,139 - loggin page started..
INFO 2020-06-14 21:44:14,764 - logged in successfully!
INFO 2020-06-14 21:44:14,765 - # Open browser and navigate to Facebook marketplace
INFO 2020-06-14 21:44:19,965 - filling out the form...
INFO 2020-06-14 21:44:19,966 - adding a photo : C:\dev\task_facebook/data/uploads/iphonex.png
INFO 2020-06-14 21:44:20,463 - photo uploaded!
INFO 2020-06-14 21:44:29,004 - screenshot is taken :C:\dev\task_facebook/screenshots/20200614-214428.png
INFO 2020-06-14 21:46:39,710 - browser is opened...
INFO 2020-06-14 21:46:41,120 - loggin page started..
INFO 2020-06-14 21:46:52,650 - browser is opened...
INFO 2020-06-14 21:46:53,713 - loggin page started..
INFO 2020-06-14 21:46:54,347 - logged in successfully!
INFO 2020-06-14 21:46:54,347 - # Open browser and navigate to Facebook marketplace
INFO 2020-06-14 21:47:16,186 - browser is opened...
INFO 2020-06-14 21:47:17,397 - loggin page started..
INFO 2020-06-14 21:47:18,010 - logged in successfully!
INFO 2020-06-14 21:47:18,011 - # Open browser and navigate to Facebook marketplace
INFO 2020-06-14 21:47:24,257 - filling out the form...
INFO 2020-06-14 21:47:24,258 - adding a photo : C:\dev\task_facebook/data/uploads/iphonex.png
INFO 2020-06-14 21:47:26,178 - photo uploaded!
INFO 2020-06-14 21:47:34,690 - screenshot is taken :C:\dev\task_facebook/screenshots/20200614-214733.png
INFO 2020-06-14 21:48:01,009 - browser is opened...
INFO 2020-06-14 21:48:02,243 - loggin page started..
INFO 2020-06-14 21:48:02,875 - logged in successfully!
INFO 2020-06-14 21:48:02,876 - # Open browser and navigate to Facebook marketplace
INFO 2020-06-14 21:48:11,660 - filling out the form...
INFO 2020-06-14 21:48:11,660 - adding a photo : C:\dev\task_facebook/data/uploads/iphonex.png
INFO 2020-06-14 21:48:12,467 - photo uploaded!
INFO 2020-06-14 21:48:20,918 - screenshot is taken :C:\dev\task_facebook/screenshots/20200614-214820.png
INFO 2020-06-14 21:50:07,192 - browser is opened...
INFO 2020-06-14 21:50:08,497 - loggin page started..
INFO 2020-06-14 21:50:09,188 - logged in successfully!
INFO 2020-06-14 21:50:09,189 - # Open browser and navigate to Facebook marketplace
INFO 2020-06-14 21:50:31,599 - browser is opened...
INFO 2020-06-14 21:50:33,148 - loggin page started..
INFO 2020-06-14 21:50:33,701 - logged in successfully!
INFO 2020-06-14 21:50:33,702 - # Open browser and navigate to Facebook marketplace
INFO 2020-06-14 21:50:39,364 - filling out the form...
INFO 2020-06-14 21:50:39,364 - adding a photo : C:\dev\task_facebook/data/uploads/iphonex.png
INFO 2020-06-14 21:50:40,021 - photo uploaded!
INFO 2020-06-14 21:50:48,756 - screenshot is taken :C:\dev\task_facebook/screenshots/20200614-215048.png
INFO 2020-06-14 21:52:27,191 - browser is opened...
INFO 2020-06-14 21:52:28,594 - loggin page started..
INFO 2020-06-14 21:52:29,262 - logged in successfully!
INFO 2020-06-14 21:52:29,264 - # Open browser and navigate to Facebook marketplace
INFO 2020-06-14 21:52:47,272 - browser is opened...
INFO 2020-06-14 21:52:48,824 - loggin page started..
INFO 2020-06-14 21:52:49,388 - logged in successfully!
INFO 2020-06-14 21:52:49,388 - # Open browser and navigate to Facebook marketplace
INFO 2020-06-14 21:53:00,953 - filling out the form...
INFO 2020-06-14 21:53:00,954 - adding a photo : C:\dev\task_facebook/data/uploads/iphonex.png
INFO 2020-06-14 21:53:01,757 - photo uploaded!
INFO 2020-06-14 21:53:10,225 - screenshot is taken :C:\dev\task_facebook/screenshots/20200614-215309.png
INFO 2020-06-14 21:53:30,537 - Deleting the item Iphone X brand new
INFO 2020-06-14 21:54:29,687 - browser is opened...
INFO 2020-06-14 21:54:30,945 - loggin page started..
INFO 2020-06-14 21:54:31,565 - logged in successfully!
INFO 2020-06-14 21:54:31,566 - # Open browser and navigate to Facebook marketplace
INFO 2020-06-14 21:55:00,344 - browser is opened...
INFO 2020-06-14 21:55:01,738 - loggin page started..
INFO 2020-06-14 21:55:02,516 - logged in successfully!
INFO 2020-06-14 21:55:02,516 - # Open browser and navigate to Facebook marketplace
INFO 2020-06-14 21:55:10,321 - filling out the form...
INFO 2020-06-14 21:55:10,322 - adding a photo : C:\dev\task_facebook/data/uploads/iphonex.png
INFO 2020-06-14 21:55:10,844 - photo uploaded!
INFO 2020-06-14 21:55:19,660 - screenshot is taken :C:\dev\task_facebook/screenshots/20200614-215518.png
INFO 2020-06-14 21:55:39,930 - Deleting the item Iphone X brand new
INFO 2020-06-14 21:55:46,905 - listing deleted.
INFO 2020-06-14 21:55:46,905 - confirming with reason : No, haven't sold
INFO 2020-06-14 21:57:31,379 - browser is opened...
INFO 2020-06-14 21:57:32,518 - loggin page started..
INFO 2020-06-14 21:57:33,150 - logged in successfully!
INFO 2020-06-14 21:57:33,151 - # Open browser and navigate to Facebook marketplace
INFO 2020-06-14 21:57:52,000 - browser is opened...
INFO 2020-06-14 21:57:53,125 - loggin page started..
INFO 2020-06-14 21:57:53,760 - logged in successfully!
INFO 2020-06-14 21:57:53,761 - # Open browser and navigate to Facebook marketplace
INFO 2020-06-14 21:57:59,736 - filling out the form...
INFO 2020-06-14 21:57:59,736 - adding a photo : C:\dev\task_facebook/data/uploads/iphonex.png
INFO 2020-06-14 21:58:00,334 - photo uploaded!
INFO 2020-06-14 21:58:09,306 - screenshot is taken :C:\dev\task_facebook/screenshots/20200614-215808.png
INFO 2020-06-14 21:58:29,510 - Deleting the item Iphone X brand new
INFO 2020-06-14 22:01:18,156 - browser is opened...
INFO 2020-06-14 22:01:19,312 - loggin page started..
INFO 2020-06-14 22:01:19,918 - logged in successfully!
INFO 2020-06-14 22:01:19,919 - # Open browser and navigate to Facebook marketplace
INFO 2020-06-14 22:01:28,813 - filling out the form...
INFO 2020-06-14 22:01:28,813 - adding a photo : C:\dev\task_facebook/data/uploads/iphonex.png
INFO 2020-06-14 22:01:29,228 - photo uploaded!
INFO 2020-06-14 22:01:37,616 - screenshot is taken :C:\dev\task_facebook/screenshots/20200614-220136.png
INFO 2020-06-14 22:01:52,850 - Deleting the item Iphone X brand new
INFO 2020-06-14 22:01:53,399 - listing deleted.
INFO 2020-06-14 22:01:53,400 - confirming with reason : No, haven't sold
INFO 2020-06-14 22:03:39,223 - browser is opened...
INFO 2020-06-14 22:03:40,577 - loggin page started..
INFO 2020-06-14 22:03:41,203 - logged in successfully!
INFO 2020-06-14 22:03:41,204 - # Open browser and navigate to Facebook marketplace
INFO 2020-06-14 22:03:45,872 - filling out the form...
INFO 2020-06-14 22:03:45,872 - adding a photo : C:\dev\task_facebook/data/uploads/iphonex.png
INFO 2020-06-14 22:03:46,865 - photo uploaded!
INFO 2020-06-14 22:03:55,793 - screenshot is taken :C:\dev\task_facebook/screenshots/20200614-220354.png
INFO 2020-06-14 22:04:11,017 - Deleting the item Iphone X brand new
INFO 2020-06-14 22:04:11,550 - listing deleted.
INFO 2020-06-14 22:04:11,980 - screenshot is taken :C:\dev\task_facebook/screenshots/20200614-220411.png
INFO 2020-06-14 22:04:11,980 - test completed!
INFO 2020-06-14 22:07:13,962 - browser is opened...
INFO 2020-06-14 22:07:15,117 - loggin page started..
INFO 2020-06-14 22:07:17,446 - logged in successfully!
INFO 2020-06-14 22:07:17,447 - # Open browser and navigate to Facebook marketplace
INFO 2020-06-14 22:07:32,547 - browser is opened...
INFO 2020-06-14 22:07:33,784 - loggin page started..
INFO 2020-06-14 22:07:34,389 - logged in successfully!
INFO 2020-06-14 22:07:34,390 - # Open browser and navigate to Facebook marketplace
INFO 2020-06-14 22:07:39,204 - filling out the form...
INFO 2020-06-14 22:07:39,204 - adding a photo : C:\dev\task_facebook/data/uploads/iphonex.png
INFO 2020-06-14 22:07:39,911 - photo uploaded!
INFO 2020-06-14 22:07:48,844 - screenshot is taken :C:\dev\task_facebook/screenshots/20200614-220748.png
INFO 2020-06-14 22:07:57,674 - screenshot is taken :C:\dev\task_facebook/screenshots/20200614-220757.png
INFO 2020-06-14 22:07:57,674 - item published
INFO 2020-06-14 22:07:57,675 - Deleting the item Iphone X brand new
INFO 2020-06-14 22:08:09,215 - listing deleted.
INFO 2020-06-14 22:08:09,665 - screenshot is taken :C:\dev\task_facebook/screenshots/20200614-220809.png
INFO 2020-06-14 22:08:09,665 - test completed!
INFO 2020-06-14 22:11:39,179 - browser is opened...
INFO 2020-06-14 22:11:40,509 - loggin page started..
INFO 2020-06-14 22:11:41,150 - logged in successfully!
INFO 2020-06-14 22:11:41,151 - # Open browser and navigate to Facebook marketplace
INFO 2020-06-14 22:11:46,202 - filling out the form...
INFO 2020-06-14 22:11:46,202 - adding a photo : C:\dev\task_facebook/data/uploads/iphonex.png
INFO 2020-06-14 22:11:47,994 - photo uploaded!
INFO 2020-06-14 22:11:56,738 - screenshot is taken :C:\dev\task_facebook/screenshots/20200614-221156.png
INFO 2020-06-14 22:12:05,454 - screenshot is taken :C:\dev\task_facebook/screenshots/20200614-221204.png
INFO 2020-06-14 22:12:05,454 - item published
INFO 2020-06-14 22:12:05,454 - Deleting the item Iphone X brand new
INFO 2020-06-14 22:12:08,731 - listing deleted.
INFO 2020-06-14 22:12:09,205 - screenshot is taken :C:\dev\task_facebook/screenshots/20200614-221208.png
INFO 2020-06-14 22:12:09,205 - test completed!
INFO 2020-06-14 22:12:54,571 - browser is opened...
INFO 2020-06-14 22:12:55,820 - loggin page started..
INFO 2020-06-14 22:12:56,476 - logged in successfully!
INFO 2020-06-14 22:12:56,477 - # Open browser and navigate to Facebook marketplace
INFO 2020-06-14 22:13:02,807 - filling out the form...
INFO 2020-06-14 22:13:02,807 - adding a photo : C:\dev\task_facebook/data/uploads/iphonex.png
INFO 2020-06-14 22:13:03,304 - photo uploaded!
INFO 2020-06-14 22:13:12,089 - screenshot is taken :C:\dev\task_facebook/screenshots/20200614-221311.png
INFO 2020-06-14 22:13:21,003 - screenshot is taken :C:\dev\task_facebook/screenshots/20200614-221320.png
INFO 2020-06-14 22:13:21,003 - item published
INFO 2020-06-14 22:13:26,004 - Deleting the item Iphone X brand new
INFO 2020-06-14 22:13:31,993 - listing deleted.
INFO 2020-06-14 22:13:32,456 - screenshot is taken :C:\dev\task_facebook/screenshots/20200614-221331.png
INFO 2020-06-14 22:13:32,457 - test completed!
INFO 2020-06-14 22:14:39,371 - browser is opened...
INFO 2020-06-14 22:14:40,687 - loggin page started..
INFO 2020-06-14 22:14:41,333 - logged in successfully!
INFO 2020-06-14 22:14:41,334 - # Open browser and navigate to Facebook marketplace
INFO 2020-06-14 22:15:01,422 - browser is opened...
INFO 2020-06-14 22:15:02,551 - loggin page started..
INFO 2020-06-14 22:15:03,149 - logged in successfully!
INFO 2020-06-14 22:15:03,150 - # Open browser and navigate to Facebook marketplace
INFO 2020-06-14 22:15:09,844 - filling out the form...
INFO 2020-06-14 22:15:09,845 - adding a photo : C:\dev\task_facebook/data/uploads/iphonex.png
INFO 2020-06-14 22:15:10,326 - photo uploaded!
INFO 2020-06-14 22:15:18,917 - screenshot is taken :C:\dev\task_facebook/screenshots/20200614-221518.png
INFO 2020-06-14 22:15:27,607 - screenshot is taken :C:\dev\task_facebook/screenshots/20200614-221527.png
INFO 2020-06-14 22:15:27,608 - item published
INFO 2020-06-14 22:15:32,608 - Deleting the item Iphone X brand new
INFO 2020-06-14 22:15:37,839 - listing deleted.
INFO 2020-06-14 22:15:38,309 - screenshot is taken :C:\dev\task_facebook/screenshots/20200614-221537.png
INFO 2020-06-14 22:15:38,309 - test completed!
INFO 2020-06-14 22:17:00,118 - browser is opened...
INFO 2020-06-14 22:17:01,539 - loggin page started..
INFO 2020-06-14 22:17:02,191 - logged in successfully!
INFO 2020-06-14 22:17:02,192 - # Open browser and navigate to Facebook marketplace
INFO 2020-06-14 22:17:14,414 - filling out the form...
INFO 2020-06-14 22:17:14,414 - adding a photo : C:\dev\task_facebook/data/uploads/iphonex.png
INFO 2020-06-14 22:17:15,241 - photo uploaded!
INFO 2020-06-14 22:17:23,774 - screenshot is taken :C:\dev\task_facebook/screenshots/20200614-221723.png
INFO 2020-06-14 22:17:32,435 - screenshot is taken :C:\dev\task_facebook/screenshots/20200614-221732.png
INFO 2020-06-14 22:17:32,435 - item published
INFO 2020-06-14 22:17:37,436 - Deleting the item Iphone X brand new
INFO 2020-06-14 22:17:42,706 - listing deleted.
INFO 2020-06-14 22:17:43,174 - screenshot is taken :C:\dev\task_facebook/screenshots/20200614-221742.png
INFO 2020-06-14 22:17:43,174 - test completed!
INFO 2020-06-14 22:22:53,826 - browser is opened...
INFO 2020-06-14 22:22:55,168 - loggin page started..
INFO 2020-06-14 22:22:55,755 - logged in successfully!
INFO 2020-06-14 22:22:55,756 - # Open browser and navigate to Facebook marketplace
INFO 2020-06-14 22:23:01,358 - filling out the form...
INFO 2020-06-14 22:23:01,359 - adding a photo : C:\dev\task_facebook/data/uploads/iphonex.png
INFO 2020-06-14 22:23:02,299 - photo uploaded!
INFO 2020-06-14 22:23:11,023 - screenshot is taken :C:\dev\task_facebook/screenshots/20200614-222310.png
INFO 2020-06-14 22:23:19,641 - screenshot is taken :C:\dev\task_facebook/screenshots/20200614-222319.png
INFO 2020-06-14 22:23:19,641 - item published
INFO 2020-06-14 22:23:24,641 - Deleting the item Iphone X brand new
INFO 2020-06-14 22:23:29,826 - listing deleted.
INFO 2020-06-14 22:23:30,297 - screenshot is taken :C:\dev\task_facebook/screenshots/20200614-222329.png
INFO 2020-06-14 22:23:30,297 - test completed!
INFO 2020-06-14 22:26:18,367 - browser is opened...
INFO 2020-06-14 22:26:19,646 - loggin page started..
INFO 2020-06-14 22:26:20,454 - logged in successfully!
INFO 2020-06-14 22:26:20,455 - # Open browser and navigate to Facebook marketplace
INFO 2020-06-14 22:26:39,509 - browser is opened...
INFO 2020-06-14 22:26:40,629 - loggin page started..
INFO 2020-06-14 22:26:41,345 - logged in successfully!
INFO 2020-06-14 22:26:41,346 - # Open browser and navigate to Facebook marketplace
INFO 2020-06-14 22:26:49,026 - filling out the form...
INFO 2020-06-14 22:26:49,027 - adding a photo : C:\dev\task_facebook/data/uploads/iphonex.png
INFO 2020-06-14 22:26:49,707 - photo uploaded!
INFO 2020-06-14 22:26:58,339 - screenshot is taken :C:\dev\task_facebook/screenshots/20200614-222657.png
INFO 2020-06-14 22:27:06,965 - screenshot is taken :C:\dev\task_facebook/screenshots/20200614-222706.png
INFO 2020-06-14 22:27:06,966 - item published
INFO 2020-06-14 22:27:11,966 - Deleting the item Iphone X brand new
INFO 2020-06-14 22:27:17,221 - listing deleted.
INFO 2020-06-14 22:27:17,221 - confirming with reason : No, haven't sold
INFO 2020-06-14 22:30:21,700 - browser is opened...
INFO 2020-06-14 22:30:23,059 - loggin page started..
INFO 2020-06-14 22:30:23,734 - logged in successfully!
INFO 2020-06-14 22:30:23,735 - # Open browser and navigate to Facebook marketplace
INFO 2020-06-14 22:30:41,067 - browser is opened...
INFO 2020-06-14 22:30:42,162 - loggin page started..
INFO 2020-06-14 22:30:42,839 - logged in successfully!
INFO 2020-06-14 22:30:42,840 - # Open browser and navigate to Facebook marketplace
INFO 2020-06-14 22:30:48,703 - filling out the form...
INFO 2020-06-14 22:30:48,703 - adding a photo : C:\dev\task_facebook/data/uploads/iphonex.png
INFO 2020-06-14 22:30:49,730 - photo uploaded!
INFO 2020-06-14 22:30:58,510 - screenshot is taken :C:\dev\task_facebook/screenshots/20200614-223057.png
INFO 2020-06-14 22:31:07,167 - screenshot is taken :C:\dev\task_facebook/screenshots/20200614-223106.png
INFO 2020-06-14 22:31:07,167 - item published
INFO 2020-06-14 22:31:12,167 - Deleting the item Iphone X brand new
INFO 2020-06-14 22:31:17,382 - listing deleted.
INFO 2020-06-14 22:31:17,382 - confirming with reason : No, haven't sold
INFO 2020-06-14 22:33:24,395 - browser is opened...
INFO 2020-06-14 22:33:25,624 - loggin page started..
INFO 2020-06-14 22:33:26,256 - logged in successfully!
INFO 2020-06-14 22:33:26,257 - # Open browser and navigate to Facebook marketplace
INFO 2020-06-14 22:33:33,482 - filling out the form...
INFO 2020-06-14 22:33:33,482 - adding a photo : C:\dev\task_facebook/data/uploads/iphonex.png
INFO 2020-06-14 22:33:34,157 - photo uploaded!
INFO 2020-06-14 22:33:42,755 - screenshot is taken :C:\dev\task_facebook/screenshots/20200614-223342.png
INFO 2020-06-14 22:33:51,364 - screenshot is taken :C:\dev\task_facebook/screenshots/20200614-223350.png
INFO 2020-06-14 22:33:51,364 - item published
INFO 2020-06-14 22:33:56,365 - Deleting the item Iphone X brand new
INFO 2020-06-14 22:34:01,628 - listing deleted.
INFO 2020-06-14 22:35:57,212 - browser is opened...
INFO 2020-06-14 22:35:58,359 - loggin page started..
INFO 2020-06-14 22:35:59,038 - logged in successfully!
INFO 2020-06-14 22:35:59,039 - # Open browser and navigate to Facebook marketplace
INFO 2020-06-14 22:36:25,913 - browser is opened...
INFO 2020-06-14 22:36:27,027 - loggin page started..
INFO 2020-06-14 22:36:27,643 - logged in successfully!
INFO 2020-06-14 22:36:27,644 - # Open browser and navigate to Facebook marketplace
INFO 2020-06-14 22:36:33,548 - filling out the form...
INFO 2020-06-14 22:36:33,549 - adding a photo : C:\dev\task_facebook/data/uploads/iphonex.png
INFO 2020-06-14 22:36:35,241 - photo uploaded!
INFO 2020-06-14 22:36:44,414 - screenshot is taken :C:\dev\task_facebook/screenshots/20200614-223643.png
INFO 2020-06-14 22:36:53,048 - screenshot is taken :C:\dev\task_facebook/screenshots/20200614-223652.png
INFO 2020-06-14 22:36:53,049 - item published
INFO 2020-06-14 22:36:58,049 - Deleting the item Iphone X brand new
INFO 2020-06-14 22:37:03,305 - listing deleted.
INFO 2020-06-14 22:38:20,395 - browser is opened...
INFO 2020-06-14 22:38:21,666 - loggin page started..
INFO 2020-06-14 22:38:22,425 - logged in successfully!
INFO 2020-06-14 22:38:22,426 - # Open browser and navigate to Facebook marketplace
INFO 2020-06-14 22:38:29,212 - filling out the form...
INFO 2020-06-14 22:38:29,213 - adding a photo : C:\dev\task_facebook/data/uploads/iphonex.png
INFO 2020-06-14 22:38:30,132 - photo uploaded!
INFO 2020-06-14 22:38:38,797 - screenshot is taken :C:\dev\task_facebook/screenshots/20200614-223838.png
INFO 2020-06-14 22:38:47,471 - screenshot is taken :C:\dev\task_facebook/screenshots/20200614-223847.png
INFO 2020-06-14 22:38:47,471 - item published
INFO 2020-06-14 22:38:52,472 - Deleting the item Iphone X brand new
INFO 2020-06-14 22:38:57,732 - listing deleted.
INFO 2020-06-14 22:40:49,534 - browser is opened...
INFO 2020-06-14 22:40:50,707 - loggin page started..
INFO 2020-06-14 22:40:51,324 - logged in successfully!
INFO 2020-06-14 22:40:51,324 - # Open browser and navigate to Facebook marketplace
INFO 2020-06-14 22:40:57,093 - filling out the form...
INFO 2020-06-14 22:40:57,093 - adding a photo : C:\dev\task_facebook/data/uploads/iphonex.png
INFO 2020-06-14 22:40:57,635 - photo uploaded!
INFO 2020-06-14 22:41:06,427 - screenshot is taken :C:\dev\task_facebook/screenshots/20200614-224105.png
INFO 2020-06-14 22:41:15,176 - screenshot is taken :C:\dev\task_facebook/screenshots/20200614-224114.png
INFO 2020-06-14 22:41:15,176 - item published
INFO 2020-06-14 22:41:20,177 - Deleting the item Iphone X brand new
INFO 2020-06-14 22:41:25,450 - listing deleted.
INFO 2020-06-14 22:41:25,576 - deleting is confirmed.
INFO 2020-06-14 22:41:25,998 - screenshot is taken :C:\dev\task_facebook/screenshots/20200614-224125.png
INFO 2020-06-14 22:41:25,998 - test completed!
INFO 2020-06-14 22:43:06,477 - browser is opened...
INFO 2020-06-14 22:43:07,617 - loggin page started..
INFO 2020-06-14 22:43:08,247 - logged in successfully!
INFO 2020-06-14 22:43:08,248 - # Open browser and navigate to Facebook marketplace
INFO 2020-06-14 22:43:30,408 - browser is opened...
INFO 2020-06-14 22:43:31,546 - loggin page started..
INFO 2020-06-14 22:43:32,180 - logged in successfully!
INFO 2020-06-14 22:43:32,181 - # Open browser and navigate to Facebook marketplace
INFO 2020-06-14 22:43:56,926 - browser is opened...
INFO 2020-06-14 22:43:58,112 - loggin page started..
INFO 2020-06-14 22:43:58,827 - logged in successfully!
INFO 2020-06-14 22:43:58,828 - # Open browser and navigate to Facebook marketplace
INFO 2020-06-14 22:44:55,757 - browser is opened...
INFO 2020-06-14 22:44:56,947 - loggin page started..
INFO 2020-06-14 22:44:57,527 - logged in successfully!
INFO 2020-06-14 22:44:57,528 - # Open browser and navigate to Facebook marketplace
INFO 2020-06-14 23:52:55,349 - browser is opened...
INFO 2020-06-14 23:52:55,757 - loggin page started..
INFO 2020-06-14 23:53:30,599 - browser is opened...
INFO 2020-06-14 23:53:32,336 - loggin page started..
INFO 2020-06-14 23:53:33,225 - logged in successfully!
INFO 2020-06-14 23:53:33,227 - # Open browser and navigate to Facebook marketplace
INFO 2020-06-14 23:53:40,956 - filling out the form...
INFO 2020-06-14 23:53:40,956 - adding a photo : C:\dev\task_facebook/data/uploads/iphonex.png
INFO 2020-06-14 23:53:42,159 - photo uploaded!
INFO 2020-06-14 23:53:51,156 - screenshot is taken :C:\dev\task_facebook/screenshots/20200614-235350.png
INFO 2020-06-14 23:54:48,079 - browser is opened...
INFO 2020-06-14 23:54:49,767 - loggin page started..
INFO 2020-06-14 23:54:50,654 - logged in successfully!
INFO 2020-06-14 23:54:50,656 - # Open browser and navigate to Facebook marketplace
INFO 2020-06-14 23:54:57,325 - filling out the form...
INFO 2020-06-14 23:54:57,325 - adding a photo : C:\dev\task_facebook/data/uploads/iphonex.png
INFO 2020-06-14 23:54:58,012 - photo uploaded!
INFO 2020-06-14 23:55:06,787 - screenshot is taken :C:\dev\task_facebook/screenshots/20200614-235506.png
INFO 2020-06-14 23:55:15,371 - screenshot is taken :C:\dev\task_facebook/screenshots/20200614-235514.png
INFO 2020-06-14 23:55:15,372 - item published
INFO 2020-06-14 23:55:20,372 - Deleting the item Iphone X brand new
INFO 2020-06-14 23:55:25,579 - listing deleted.
INFO 2020-06-14 23:55:28,661 - deleting is confirmed.
INFO 2020-06-14 23:55:29,035 - screenshot is taken :C:\dev\task_facebook/screenshots/20200614-235528.png
INFO 2020-06-14 23:55:29,035 - test completed!
INFO 2020-06-14 23:56:21,303 - browser is opened...
INFO 2020-06-14 23:56:23,141 - loggin page started..
INFO 2020-06-14 23:56:35,629 - browser is opened...
INFO 2020-06-14 23:56:37,581 - loggin page started..
INFO 2020-06-14 23:56:38,436 - logged in successfully!
INFO 2020-06-14 23:56:38,437 - # Open browser and navigate to Facebook marketplace
INFO 2020-06-14 23:56:45,779 - filling out the form...
INFO 2020-06-14 23:56:45,779 - adding a photo : C:\dev\task_facebook/data/uploads/iphonex.png
INFO 2020-06-14 23:56:46,452 - photo uploaded!
INFO 2020-06-14 23:56:55,230 - screenshot is taken :C:\dev\task_facebook/screenshots/20200614-235654.png
INFO 2020-06-14 23:57:03,833 - screenshot is taken :C:\dev\task_facebook/screenshots/20200614-235703.png
INFO 2020-06-14 23:57:03,834 - item published
INFO 2020-06-14 23:57:08,835 - Deleting the item Iphone X brand new
INFO 2020-06-14 23:57:14,052 - listing deleted.
INFO 2020-06-14 23:57:17,204 - deleting is confirmed.
INFO 2020-06-14 23:57:17,632 - screenshot is taken :C:\dev\task_facebook/screenshots/20200614-235717.png
INFO 2020-06-14 23:57:17,632 - test completed!
INFO 2020-06-14 23:58:05,525 - browser is opened...
INFO 2020-06-14 23:58:07,021 - loggin page started..
INFO 2020-06-14 23:58:07,938 - logged in successfully!
INFO 2020-06-14 23:58:07,940 - # Open browser and navigate to Facebook marketplace
INFO 2020-06-14 23:58:50,568 - browser is opened...
INFO 2020-06-14 23:58:52,261 - loggin page started..
INFO 2020-06-14 23:58:53,170 - logged in successfully!
INFO 2020-06-14 23:58:53,172 - # Open browser and navigate to Facebook marketplace
INFO 2020-06-14 23:58:59,083 - filling out the form...
INFO 2020-06-14 23:58:59,084 - adding a photo : C:\dev\task_facebook/data/uploads/iphonex.png
INFO 2020-06-14 23:59:00,240 - photo uploaded!
INFO 2020-06-14 23:59:09,206 - screenshot is taken :C:\dev\task_facebook/screenshots/20200614-235908.png
INFO 2020-06-14 23:59:17,814 - screenshot is taken :C:\dev\task_facebook/screenshots/20200614-235917.png
INFO 2020-06-14 23:59:17,814 - item published
INFO 2020-06-14 23:59:22,815 - Deleting the item Iphone X brand new
INFO 2020-06-14 23:59:28,075 - listing deleted.
INFO 2020-06-14 23:59:31,192 - deleting is confirmed.
INFO 2020-06-14 23:59:31,586 - screenshot is taken :C:\dev\task_facebook/screenshots/20200614-235931.png
INFO 2020-06-14 23:59:31,586 - test completed!
